<?xml version="1.0" encoding="UTF-8"?>
<!-- Generated by org.testng.reporters.JUnitXMLReporter -->
<testsuite hostname="User" ignored="0" name="Default test" tests="3" failures="0" timestamp="29 Dec 2019 00:09:34 GMT" time="51.601" errors="0">
  <testcase name="selectDepartingAndArrivingCity" time="1.444" classname="com.qa.test.HomePageTest"/>
  <testcase name="checkTravelTheWorldLink" time="1.085" classname="com.qa.test.HomePageTest"/>
  <testcase name="checkHomeLink" time="2.118" classname="com.qa.test.HomePageTest"/>
</testsuite> <!-- Default test -->
